0 info it worked if it ends with ok
1 verbose cli [ 'node', '/usr/local/bin/npm', 'start' ]
2 info using npm@1.2.15
3 info using node@v0.8.15
4 verbose read json /Users/admin/Documents/WORK/nodec/src/package.json
5 warn package.json Nodec@0.0.7 No README.md file found!
6 verbose run-script [ 'prestart', 'start', 'poststart' ]
7 info prestart Nodec@0.0.7
8 info start Nodec@0.0.7
9 verbose unsafe-perm in lifecycle true
10 silly exec sh "-c" "node server"
11 silly sh,-c,node server,/Users/admin/Documents/WORK/nodec/src spawning
12 info Nodec@0.0.7 Failed to exec start script
13 error Nodec@0.0.7 start: `node server`
13 error `sh "-c" "node server"` failed with 1
14 error Failed at the Nodec@0.0.7 start script.
14 error This is most likely a problem with the Nodec package,
14 error not with npm itself.
14 error Tell the author that this fails on your system:
14 error     node server
14 error You can get their info via:
14 error     npm owner ls Nodec
14 error There is likely additional logging output above.
15 error System Darwin 12.2.0
16 error command "node" "/usr/local/bin/npm" "start"
17 error cwd /Users/admin/Documents/WORK/nodec/src
18 error node -v v0.8.15
19 error npm -v 1.2.15
20 error code ELIFECYCLE
21 verbose exit [ 1, true ]
